<?xml version="1.0" encoding="UTF-8"?>
<!-- Generated by org.testng.reporters.JUnitXMLReporter -->
<testsuite hostname="MiteshPC" ignored="0" name="Default test" tests="4" failures="0" timestamp="01 Dec 2018 16:22:44 GMT" time="0.243" errors="0">
  <testcase name="mobileapp1" time="0.044" classname="UdemyTutorials.MyTestSuite2"/>
  <testcase name="mobileapp2" time="0.017" classname="UdemyTutorials.MyTestSuite2"/>
  <testcase name="webservice1" time="0.007" classname="UdemyTutorials.MyTestSuite1"/>
  <testcase name="webservice2" time="0.007" classname="UdemyTutorials.MyTestSuite1"/>
</testsuite> <!-- Default test -->
