<?xml version="1.0" encoding="UTF-8"?>
<testng-results skipped="0" failed="0" ignored="0" total="2" passed="2">
  <reporter-output>
  </reporter-output>
  <suite name="Command line suite" duration-ms="237" started-at="2018-12-01T22:47:47 IST" finished-at="2018-12-01T22:47:47 IST">
    <groups>
    </groups>
    <test name="Command line test" duration-ms="237" started-at="2018-12-01T22:47:47 IST" finished-at="2018-12-01T22:47:47 IST">
      <class name="UdemyTutorials.MyTestSuite2Test">
        <test-method status="PASS" signature="mobileapp1()[pri:0, instance:UdemyTutorials.MyTestSuite2Test@91161c7]" name="mobileapp1" duration-ms="24" started-at="2018-12-01T22:47:47 IST" finished-at="2018-12-01T22:47:47 IST">
          <reporter-output>
          </reporter-output>
        </test-method> <!-- mobileapp1 -->
        <test-method status="PASS" signature="mobileapp2()[pri:0, instance:UdemyTutorials.MyTestSuite2Test@91161c7]" name="mobileapp2" duration-ms="1" started-at="2018-12-01T22:47:47 IST" finished-at="2018-12-01T22:47:47 IST">
          <reporter-output>
          </reporter-output>
        </test-method> <!-- mobileapp2 -->
      </class> <!-- UdemyTutorials.MyTestSuite2Test -->
    </test> <!-- Command line test -->
  </suite> <!-- Command line suite -->
</testng-results>
