<?xml version="1.0" encoding="UTF-8"?>
<testng-results skipped="0" failed="0" ignored="0" total="0" passed="0">
  <reporter-output>
  </reporter-output>
  <suite name="UdemyTutorials.AppTest" duration-ms="15" started-at="2018-12-01T21:54:38 IST" finished-at="2018-12-01T21:54:38 IST">
    <groups>
    </groups>
    <test name="Command line test" duration-ms="15" started-at="2018-12-01T21:54:38 IST" finished-at="2018-12-01T21:54:38 IST">
    </test> <!-- Command line test -->
  </suite> <!-- UdemyTutorials.AppTest -->
</testng-results>
