<?xml version="1.0" encoding="UTF-8"?>
<testng-results skipped="0" failed="0" ignored="0" total="4" passed="4">
  <reporter-output>
  </reporter-output>
  <suite name="Default suite" duration-ms="243" started-at="2018-12-01T16:22:44Z" finished-at="2018-12-01T16:22:44Z">
    <groups>
    </groups>
    <test name="Default test" duration-ms="243" started-at="2018-12-01T16:22:44Z" finished-at="2018-12-01T16:22:44Z">
      <class name="UdemyTutorials.MyTestSuite2">
        <test-method status="PASS" signature="mobileapp1()[pri:0, instance:UdemyTutorials.MyTestSuite2@69930714]" name="mobileapp1" duration-ms="44" started-at="2018-12-01T16:22:44Z" finished-at="2018-12-01T16:22:44Z">
          <reporter-output>
          </reporter-output>
        </test-method> <!-- mobileapp1 -->
        <test-method status="PASS" signature="mobileapp2()[pri:0, instance:UdemyTutorials.MyTestSuite2@69930714]" name="mobileapp2" duration-ms="17" started-at="2018-12-01T16:22:44Z" finished-at="2018-12-01T16:22:44Z">
          <reporter-output>
          </reporter-output>
        </test-method> <!-- mobileapp2 -->
      </class> <!-- UdemyTutorials.MyTestSuite2 -->
      <class name="UdemyTutorials.MyTestSuite1">
        <test-method status="PASS" signature="webservice1()[pri:0, instance:UdemyTutorials.MyTestSuite1@8909f18]" name="webservice1" duration-ms="7" started-at="2018-12-01T16:22:44Z" finished-at="2018-12-01T16:22:44Z">
          <reporter-output>
          </reporter-output>
        </test-method> <!-- webservice1 -->
        <test-method status="PASS" signature="webservice2()[pri:0, instance:UdemyTutorials.MyTestSuite1@8909f18]" name="webservice2" duration-ms="7" started-at="2018-12-01T16:22:44Z" finished-at="2018-12-01T16:22:44Z">
          <reporter-output>
          </reporter-output>
        </test-method> <!-- webservice2 -->
      </class> <!-- UdemyTutorials.MyTestSuite1 -->
    </test> <!-- Default test -->
  </suite> <!-- Default suite -->
</testng-results>
